#-----------------------------------------------------------
# Vivado v2017.3 (64-bit)
# SW Build 2018833 on Wed Oct  4 19:58:07 MDT 2017
# IP Build 2016188 on Wed Oct  4 21:52:56 MDT 2017
# Start of session at: Mon Jan 22 15:36:16 2018
# Process ID: 6638
# Current directory: /home/leon/Documents/scripts/ats/monitor02
# Command line: vivado
# Log file: /home/leon/Documents/scripts/ats/monitor02/vivado.log
# Journal file: /home/leon/Documents/scripts/ats/monitor02/vivado.jou
#-----------------------------------------------------------
start_gui
open_project /home/leon/Documents/vivado_projects/CANtest/CANtest.xpr
INFO: [Project 1-313] Project file moved from '/home/leon/CANtest' since last save.
Scanning sources...
Finished scanning sources
INFO: [filemgmt 56-1] IP Repository Path: Directory not found as '/home/leon/external_hd/linux/zyncberry/te0726_m_demo3/ip_lib'; using path '/external_hd/linux/zyncberry/te0726_m_demo3/ip_lib' instead.
WARNING: [filemgmt 56-2] IP Repository Path: Could not find the directory '/home/leon/Documents/vivado_projects/programs/Xilinx/digilent/vivado-library', nor could it be found using path '/home/leon/programs/Xilinx/digilent/vivado-library'.
INFO: [IP_Flow 19-234] Refreshing IP repositories
INFO: [IP_Flow 19-1700] Loaded user IP repository '/external_hd/linux/zyncberry/te0726_m_demo3/ip_lib'.
WARNING: [IP_Flow 19-2248] Failed to load user IP repository '/home/leon/Documents/vivado_projects/programs/Xilinx/digilent/vivado-library'; Can't find the specified path.
If this directory should no longer be in your list of user repositories, go to the IP Settings dialog and remove it.
INFO: [IP_Flow 19-2313] Loaded Vivado IP repository '/home/leon/programs/Xilinx/Vivado/2017.3/data/ip'.
WARNING: [BD 41-1661] One or more IPs have been locked in the design 'zynq.bd'. Please run report_ip_status for more details and recommendations on how to fix this issue.
List of locked IPs:
zynq_processing_system7_0_0

INFO: [Project 1-230] Project 'CANtest.xpr' upgraded for this version of Vivado.
open_project: Time (s): cpu = 00:00:17 ; elapsed = 00:00:15 . Memory (MB): peak = 6084.055 ; gain = 102.957 ; free physical = 1080 ; free virtual = 12882
update_compile_order -fileset sources_1
report_ip_status -name ip_status 
open_bd_design {/home/leon/Documents/vivado_projects/CANtest/CANtest.srcs/sources_1/bd/zynq/zynq.bd}
Adding cell -- xilinx.com:ip:processing_system7:5.5 - processing_system7_0
Successfully read diagram <zynq> from BD file </home/leon/Documents/vivado_projects/CANtest/CANtest.srcs/sources_1/bd/zynq/zynq.bd>
open_bd_design: Time (s): cpu = 00:00:09 ; elapsed = 00:00:06 . Memory (MB): peak = 6156.293 ; gain = 36.043 ; free physical = 949 ; free virtual = 12797
launch_sdk -workspace /home/leon/Documents/vivado_projects/CANtest/CANtest.sdk -hwspec /home/leon/Documents/vivado_projects/CANtest/CANtest.sdk/zynq_wrapper.hdf
INFO: [Vivado 12-393] Launching SDK...
INFO: [Vivado 12-417] Running xsdk -workspace /home/leon/Documents/vivado_projects/CANtest/CANtest.sdk -hwspec /home/leon/Documents/vivado_projects/CANtest/CANtest.sdk/zynq_wrapper.hdf
INFO: [Vivado 12-3157] SDK launch initiated. Please check console for any further messages.
upgrade_ip -vlnv xilinx.com:ip:processing_system7:5.5 [get_ips  zynq_processing_system7_0_0] -log ip_upgrade.log
Upgrading '/home/leon/Documents/vivado_projects/CANtest/CANtest.srcs/sources_1/bd/zynq/zynq.bd'
INFO: [PS7-6] Configuring Board Preset part0. Please wait ......
CRITICAL WARNING: [PSU-1]  Parameter : PCW_UIPARAM_DDR_DQS_TO_CLK_DELAY_0 has negative value -0.073 . PS DDR interfaces might fail when entering negative DQS skew values. 
CRITICAL WARNING: [PSU-2]  Parameter : PCW_UIPARAM_DDR_DQS_TO_CLK_DELAY_1 has negative value -0.034 . PS DDR interfaces might fail when entering negative DQS skew values. 
CRITICAL WARNING: [PSU-3]  Parameter : PCW_UIPARAM_DDR_DQS_TO_CLK_DELAY_2 has negative value -0.03 . PS DDR interfaces might fail when entering negative DQS skew values. 
CRITICAL WARNING: [PSU-4]  Parameter : PCW_UIPARAM_DDR_DQS_TO_CLK_DELAY_3 has negative value -0.082 . PS DDR interfaces might fail when entering negative DQS skew values. 
CRITICAL WARNING: [PSU-1]  Parameter : PCW_UIPARAM_DDR_DQS_TO_CLK_DELAY_0 has negative value -0.073 . PS DDR interfaces might fail when entering negative DQS skew values. 
CRITICAL WARNING: [PSU-2]  Parameter : PCW_UIPARAM_DDR_DQS_TO_CLK_DELAY_1 has negative value -0.034 . PS DDR interfaces might fail when entering negative DQS skew values. 
CRITICAL WARNING: [PSU-3]  Parameter : PCW_UIPARAM_DDR_DQS_TO_CLK_DELAY_2 has negative value -0.03 . PS DDR interfaces might fail when entering negative DQS skew values. 
CRITICAL WARNING: [PSU-4]  Parameter : PCW_UIPARAM_DDR_DQS_TO_CLK_DELAY_3 has negative value -0.082 . PS DDR interfaces might fail when entering negative DQS skew values. 
INFO: [IP_Flow 19-3422] Upgraded zynq_processing_system7_0_0 (ZYNQ7 Processing System 5.5) from revision 3 to revision 6
Wrote  : </home/leon/Documents/vivado_projects/CANtest/CANtest.srcs/sources_1/bd/zynq/zynq.bd> 
Wrote  : </home/leon/Documents/vivado_projects/CANtest/CANtest.srcs/sources_1/bd/zynq/ui/bd_e1a0d542.ui> 
INFO: [Coretcl 2-1525] Wrote upgrade log to '/home/leon/Documents/vivado_projects/CANtest/ip_upgrade.log'.
upgrade_ip: Time (s): cpu = 00:00:12 ; elapsed = 00:00:09 . Memory (MB): peak = 6222.055 ; gain = 47.480 ; free physical = 173 ; free virtual = 12125
export_ip_user_files -of_objects [get_ips zynq_processing_system7_0_0] -no_script -sync -force -quiet
CRITICAL WARNING: [PSU-1]  Parameter : PCW_UIPARAM_DDR_DQS_TO_CLK_DELAY_0 has negative value -0.073 . PS DDR interfaces might fail when entering negative DQS skew values. 
CRITICAL WARNING: [PSU-2]  Parameter : PCW_UIPARAM_DDR_DQS_TO_CLK_DELAY_1 has negative value -0.034 . PS DDR interfaces might fail when entering negative DQS skew values. 
CRITICAL WARNING: [PSU-3]  Parameter : PCW_UIPARAM_DDR_DQS_TO_CLK_DELAY_2 has negative value -0.03 . PS DDR interfaces might fail when entering negative DQS skew values. 
CRITICAL WARNING: [PSU-4]  Parameter : PCW_UIPARAM_DDR_DQS_TO_CLK_DELAY_3 has negative value -0.082 . PS DDR interfaces might fail when entering negative DQS skew values. 
WARNING: [IP_Flow 19-474] Invalid Parameter 'Component_Name'
CRITICAL WARNING: [PSU-1]  Parameter : PCW_UIPARAM_DDR_DQS_TO_CLK_DELAY_0 has negative value -0.073 . PS DDR interfaces might fail when entering negative DQS skew values. 
CRITICAL WARNING: [PSU-2]  Parameter : PCW_UIPARAM_DDR_DQS_TO_CLK_DELAY_1 has negative value -0.034 . PS DDR interfaces might fail when entering negative DQS skew values. 
CRITICAL WARNING: [PSU-3]  Parameter : PCW_UIPARAM_DDR_DQS_TO_CLK_DELAY_2 has negative value -0.03 . PS DDR interfaces might fail when entering negative DQS skew values. 
CRITICAL WARNING: [PSU-4]  Parameter : PCW_UIPARAM_DDR_DQS_TO_CLK_DELAY_3 has negative value -0.082 . PS DDR interfaces might fail when entering negative DQS skew values. 
exit
INFO: [Common 17-206] Exiting Vivado at Mon Jan 22 15:41:39 2018...
