#-----------------------------------------------------------
# Vivado v2017.3 (64-bit)
# SW Build 2018833 on Wed Oct  4 19:58:07 MDT 2017
# IP Build 2016188 on Wed Oct  4 21:52:56 MDT 2017
# Start of session at: Wed Apr 18 14:17:32 2018
# Process ID: 11602
# Current directory: /home/leon/Documents/scripts/ats/ansible
# Command line: vivado
# Log file: /home/leon/Documents/scripts/ats/ansible/vivado.log
# Journal file: /home/leon/Documents/scripts/ats/ansible/vivado.jou
#-----------------------------------------------------------
start_gui
open_project /home/leon/Documents/vivado_projects/zybo_peripherals/zybo_peripherals.xpr
Scanning sources...
Finished scanning sources
WARNING: [filemgmt 56-3] IP Repository Path: Could not find the directory '/home/leon/external_hd/linux/zyncberry/te0726_m_demo3/ip_lib'.
WARNING: [filemgmt 56-3] IP Repository Path: Could not find the directory '/home/leon/programs/Xilinx/digilent/vivado-library'.
INFO: [IP_Flow 19-234] Refreshing IP repositories
INFO: [IP_Flow 19-1700] Loaded user IP repository '/home/leon/Documents/ip_repo/axi_lite_interrupt_ip_1.0'.
WARNING: [IP_Flow 19-2248] Failed to load user IP repository '/home/leon/external_hd/linux/zyncberry/te0726_m_demo3/ip_lib'; Can't find the specified path.
If this directory should no longer be in your list of user repositories, go to the IP Settings dialog and remove it.
WARNING: [IP_Flow 19-2248] Failed to load user IP repository '/home/leon/programs/Xilinx/digilent/vivado-library'; Can't find the specified path.
If this directory should no longer be in your list of user repositories, go to the IP Settings dialog and remove it.
INFO: [IP_Flow 19-2313] Loaded Vivado IP repository '/home/leon/programs/Xilinx/Vivado/2017.3/data/ip'.
open_project: Time (s): cpu = 00:00:22 ; elapsed = 00:00:11 . Memory (MB): peak = 6108.328 ; gain = 132.191 ; free physical = 2539 ; free virtual = 13074
update_compile_order -fileset sources_1
launch_sdk -workspace /home/leon/Documents/vivado_projects/zybo_peripherals/zybo_peripherals.sdk -hwspec /home/leon/Documents/vivado_projects/zybo_peripherals/zybo_peripherals.sdk/zybo_wrapper.hdf
INFO: [Vivado 12-393] Launching SDK...
INFO: [Vivado 12-417] Running xsdk -workspace /home/leon/Documents/vivado_projects/zybo_peripherals/zybo_peripherals.sdk -hwspec /home/leon/Documents/vivado_projects/zybo_peripherals/zybo_peripherals.sdk/zybo_wrapper.hdf
INFO: [Vivado 12-3157] SDK launch initiated. Please check console for any further messages.
open_bd_design {/home/leon/Documents/vivado_projects/zybo_peripherals/zybo_peripherals.srcs/sources_1/bd/zybo/zybo.bd}
Adding cell -- xilinx.com:ip:axi_gpio:2.0 - axi_gpio_0
Adding cell -- xilinx.com:ip:axi_gpio:2.0 - axi_gpio_1
Adding cell -- xilinx.com:ip:axi_gpio:2.0 - axi_gpio_2
Adding cell -- xilinx.com:ip:processing_system7:5.5 - processing_system7_0
Adding cell -- xilinx.com:ip:proc_sys_reset:5.0 - rst_processing_system7_0_100M
Adding cell -- xilinx.com:ip:axi_crossbar:2.1 - xbar
Adding cell -- xilinx.com:ip:axi_protocol_converter:2.1 - auto_pc
Successfully read diagram <zybo> from BD file </home/leon/Documents/vivado_projects/zybo_peripherals/zybo_peripherals.srcs/sources_1/bd/zybo/zybo.bd>
open_bd_design: Time (s): cpu = 00:00:10 ; elapsed = 00:00:08 . Memory (MB): peak = 6200.496 ; gain = 56.977 ; free physical = 1623 ; free virtual = 12401
write_bd_layout -format pdf -orientation landscape /home/leon/Desktop/zybo_peripherals.pdf
/home/leon/Desktop/zybo_peripherals.pdf
exit
INFO: [Common 17-206] Exiting Vivado at Wed Apr 18 15:16:13 2018...
